2024-08-06 06:58:14,677 - INFO - Batch size: 64, seed: 1234, epochs: 50
2024-08-06 06:58:14,678 - INFO - Training model: LCNN
2024-08-06 06:58:14,678 - INFO - Input feature : lfcc
2024-08-06 06:58:14,678 - INFO - Model kwargs  : {
  "in_channels": 1,
  "device": "cuda"
}
2024-08-06 06:58:14,678 - INFO - Loading data...
2024-08-06 06:58:16,141 - INFO - Loading data from /home/gunwoo/kunwoolee/DEEPFAKE_project/data_asvspoof_DR/train/ASVspoof2019_LA_train/real/LA_T_9987202_r.wav...!
2024-08-06 06:58:16,144 - INFO - Training model on 20304 audio files.
2024-08-06 06:58:16,144 - INFO - Testing model on  5076 audio files.
2024-08-06 06:58:16,144 - INFO - Train/val ratio: 4.0
2024-08-06 06:58:16,144 - INFO - Real/Fake ratio in training: 0.113 (pos_weight)
2024-08-06 07:01:23,072 - INFO - [000]: loss: 0.0575 - train acc: 89.9921 - test acc: 89.8739 - test eer : 0.499 -val loss: 0.0505 
2024-08-06 07:01:23,073 - INFO - Best Test Accuracy: 89.8739 , Best Val Loss : 0.0505
2024-08-06 07:01:26,472 - INFO - Best Model Saved: saved/LCNN_lfcc_6_2ch/best.pt
2024-08-06 07:01:26,478 - INFO - Prediction Saved: saved/LCNN_lfcc_6_2ch/best_pred.json
2024-08-06 07:04:31,518 - INFO - [001]: loss: 0.0222 - train acc: 94.8877 - test acc: 97.4192 - test eer : 0.2025 -val loss: 0.0097 
2024-08-06 07:04:31,519 - INFO - Best Test Accuracy: 97.4192 , Best Val Loss : 0.0097
2024-08-06 07:04:35,036 - INFO - Best Model Saved: saved/LCNN_lfcc_6_2ch/best.pt
2024-08-06 07:04:35,043 - INFO - Prediction Saved: saved/LCNN_lfcc_6_2ch/best_pred.json
2024-08-06 07:07:38,860 - INFO - [002]: loss: 0.0091 - train acc: 98.2614 - test acc: 96.1781 - test eer : 0.2732 -val loss: 0.0103 
2024-08-06 07:10:44,199 - INFO - [003]: loss: 0.0064 - train acc: 98.818 - test acc: 99.7833 - test eer : 0.019 -val loss: 0.0014 
2024-08-06 07:10:44,199 - INFO - Best Test Accuracy: 99.7833 , Best Val Loss : 0.0014
2024-08-06 07:10:47,732 - INFO - Best Model Saved: saved/LCNN_lfcc_6_2ch/best.pt
2024-08-06 07:10:47,739 - INFO - Prediction Saved: saved/LCNN_lfcc_6_2ch/best_pred.json
2024-08-06 07:13:54,522 - INFO - [004]: loss: 0.0045 - train acc: 99.2415 - test acc: 99.1923 - test eer : 0.072 -val loss: 0.0045 
2024-08-06 07:16:58,879 - INFO - [005]: loss: 0.0042 - train acc: 99.3696 - test acc: 97.5571 - test eer : 0.1937 -val loss: 0.0068 
2024-08-06 07:20:02,711 - INFO - [006]: loss: 0.0062 - train acc: 98.946 - test acc: 99.1332 - test eer : 0.0737 -val loss: 0.0035 
2024-08-06 07:23:06,356 - INFO - [007]: loss: 0.0053 - train acc: 99.1135 - test acc: 99.7636 - test eer : 0.0209 -val loss: 0.0021 
2024-08-06 07:26:09,103 - INFO - [008]: loss: 0.0033 - train acc: 99.3794 - test acc: 99.7242 - test eer : 0.0264 -val loss: 0.0011 
2024-08-06 07:29:12,774 - INFO - [009]: loss: 0.0028 - train acc: 99.5321 - test acc: 99.8818 - test eer : 0.0096 -val loss: 0.0011 
2024-08-06 07:29:12,774 - INFO - Best Test Accuracy: 99.8818 , Best Val Loss : 0.0011
2024-08-06 07:29:16,300 - INFO - Best Model Saved: saved/LCNN_lfcc_6_2ch/best.pt
2024-08-06 07:29:16,307 - INFO - Prediction Saved: saved/LCNN_lfcc_6_2ch/best_pred.json
2024-08-06 07:32:22,526 - INFO - [010]: loss: 0.0028 - train acc: 99.5814 - test acc: 97.5374 - test eer : 0.195 -val loss: 0.0075 
2024-08-06 07:35:27,046 - INFO - [011]: loss: 0.0019 - train acc: 99.6799 - test acc: 99.803 - test eer : 0.019 -val loss: 0.0008 
2024-08-06 07:38:30,465 - INFO - [012]: loss: 0.0021 - train acc: 99.6158 - test acc: 98.6013 - test eer : 0.121 -val loss: 0.0045 
2024-08-06 07:41:33,587 - INFO - [013]: loss: 0.0062 - train acc: 98.9066 - test acc: 99.8621 - test eer : 0.0096 -val loss: 0.0012 
2024-08-06 07:44:37,972 - INFO - [014]: loss: 0.0054 - train acc: 99.1036 - test acc: 99.6257 - test eer : 0.0337 -val loss: 0.0025 
2024-08-06 07:47:41,449 - INFO - [015]: loss: 0.0021 - train acc: 99.6257 - test acc: 99.8621 - test eer : 0.0019 -val loss: 0.0028 
2024-08-06 07:50:44,928 - INFO - [016]: loss: 0.0004 - train acc: 99.936 - test acc: 99.9409 - test eer : 0.0058 -val loss: 0.0004 
2024-08-06 07:50:44,929 - INFO - Best Test Accuracy: 99.9409 , Best Val Loss : 0.0004
2024-08-06 07:50:48,444 - INFO - Best Model Saved: saved/LCNN_lfcc_6_2ch/best.pt
2024-08-06 07:50:48,455 - INFO - Prediction Saved: saved/LCNN_lfcc_6_2ch/best_pred.json
2024-08-06 07:53:52,160 - INFO - [017]: loss: 0.0001 - train acc: 99.9803 - test acc: 99.9212 - test eer : 0.0077 -val loss: 0.0004 
2024-08-06 07:56:57,370 - INFO - [018]: loss: 0.0001 - train acc: 99.9852 - test acc: 99.9409 - test eer : 0.0039 -val loss: 0.0006 
2024-08-06 08:00:02,563 - INFO - [019]: loss: 0.0043 - train acc: 99.1824 - test acc: 99.3893 - test eer : 0.0567 -val loss: 0.0021 
2024-08-06 08:03:07,996 - INFO - [020]: loss: 0.0013 - train acc: 99.7537 - test acc: 99.7636 - test eer : 0.0227 -val loss: 0.0011 
2024-08-06 08:06:11,747 - INFO - [021]: loss: 0.01 - train acc: 98.3747 - test acc: 97.7738 - test eer : 0.1797 -val loss: 0.0059 
2024-08-06 08:09:15,026 - INFO - [022]: loss: 0.0019 - train acc: 99.7094 - test acc: 99.9409 - test eer : 0.0058 -val loss: 0.0005 
2024-08-06 08:12:20,792 - INFO - [023]: loss: 0.0004 - train acc: 99.9409 - test acc: 99.9606 - test eer : 0.0039 -val loss: 0.0006 
2024-08-06 08:15:27,463 - INFO - [024]: loss: 0.0007 - train acc: 99.9212 - test acc: 99.7833 - test eer : 0.0209 -val loss: 0.0007 
2024-08-06 08:18:32,427 - INFO - [025]: loss: 0.0002 - train acc: 99.9704 - test acc: 99.9409 - test eer : 0.0058 -val loss: 0.0003 
2024-08-06 08:18:32,428 - INFO - Best Test Accuracy: 99.9409 , Best Val Loss : 0.0003
2024-08-06 08:18:35,935 - INFO - Best Model Saved: saved/LCNN_lfcc_6_2ch/best.pt
2024-08-06 08:18:35,942 - INFO - Prediction Saved: saved/LCNN_lfcc_6_2ch/best_pred.json
2024-08-06 08:21:39,936 - INFO - [026]: loss: 0.0001 - train acc: 99.9901 - test acc: 99.9409 - test eer : 0.0039 -val loss: 0.0003 
2024-08-06 08:24:44,542 - INFO - [027]: loss: 0.0001 - train acc: 99.9901 - test acc: 99.9606 - test eer : 0.0019 -val loss: 0.0007 
2024-08-06 08:27:50,919 - INFO - [028]: loss: 0.0022 - train acc: 99.6355 - test acc: 95.9614 - test eer : 0.2834 -val loss: 0.0225 
2024-08-06 08:30:57,051 - INFO - [029]: loss: 0.0062 - train acc: 98.9657 - test acc: 99.9015 - test eer : 0.0058 -val loss: 0.0019 
2024-08-06 08:33:59,904 - INFO - [030]: loss: 0.002 - train acc: 99.6306 - test acc: 99.803 - test eer : 0.0171 -val loss: 0.001 
2024-08-06 08:37:04,404 - INFO - [031]: loss: 0.0006 - train acc: 99.9015 - test acc: 99.9409 - test eer : 0.0039 -val loss: 0.0004 
2024-08-06 08:40:08,804 - INFO - [032]: loss: 0.0001 - train acc: 99.9852 - test acc: 99.9409 - test eer : 0.0039 -val loss: 0.0005 
2024-08-06 08:43:11,741 - INFO - [033]: loss: 0.0004 - train acc: 99.9557 - test acc: 99.9606 - test eer : 0.0019 -val loss: 0.0006 
2024-08-06 08:46:14,826 - INFO - [034]: loss: 0.0001 - train acc: 99.9803 - test acc: 99.9409 - test eer : 0.0039 -val loss: 0.0008 
2024-08-06 08:49:18,290 - INFO - [035]: loss: 0.0001 - train acc: 99.9951 - test acc: 99.9212 - test eer : 0.0058 -val loss: 0.0008 
2024-08-06 08:52:22,987 - INFO - [036]: loss: 0.0032 - train acc: 99.4287 - test acc: 99.7242 - test eer : 0.0246 -val loss: 0.0021 
2024-08-06 08:55:26,720 - INFO - [037]: loss: 0.0034 - train acc: 99.4632 - test acc: 99.8818 - test eer : 0.0077 -val loss: 0.0008 
2024-08-06 08:58:30,762 - INFO - [038]: loss: 0.0004 - train acc: 99.931 - test acc: 99.8621 - test eer : 0.0115 -val loss: 0.0011 
2024-08-06 09:01:33,710 - INFO - [039]: loss: 0.0006 - train acc: 99.9015 - test acc: 98.2072 - test eer : 0.1499 -val loss: 0.0051 
2024-08-06 09:04:39,471 - INFO - [040]: loss: 0.0006 - train acc: 99.9015 - test acc: 99.8818 - test eer : 0.0019 -val loss: 0.003 
2024-08-06 09:07:42,754 - INFO - [041]: loss: 0.0003 - train acc: 99.9409 - test acc: 99.8621 - test eer : 0.0115 -val loss: 0.0007 
2024-08-06 09:10:47,549 - INFO - [042]: loss: 0.0005 - train acc: 99.8719 - test acc: 99.7439 - test eer : 0.0153 -val loss: 0.0039 
2024-08-06 09:13:53,750 - INFO - [043]: loss: 0.0061 - train acc: 98.9362 - test acc: 99.9212 - test eer : 0.0039 -val loss: 0.0026 
2024-08-06 09:16:57,439 - INFO - [044]: loss: 0.0004 - train acc: 99.931 - test acc: 99.9409 - test eer : 0.0039 -val loss: 0.0009 
2024-08-06 09:20:04,047 - INFO - [045]: loss: 0.0002 - train acc: 99.9704 - test acc: 99.9409 - test eer : 0.0039 -val loss: 0.0012 
2024-08-06 09:23:08,027 - INFO - [046]: loss: 0.0008 - train acc: 99.8178 - test acc: 99.9606 - test eer : 0.0019 -val loss: 0.0009 
2024-08-06 09:26:14,358 - INFO - [047]: loss: 0.0004 - train acc: 99.9507 - test acc: 99.9409 - test eer : 0.0019 -val loss: 0.0008 
2024-08-06 09:29:19,735 - INFO - [048]: loss: 0.0 - train acc: 99.9951 - test acc: 99.9015 - test eer : 0.0058 -val loss: 0.0009 
2024-08-06 09:32:25,702 - INFO - [049]: loss: 0.0003 - train acc: 99.9606 - test acc: 99.9015 - test eer : 0.0039 -val loss: 0.0011 
